<?xml version="1.0" encoding="UTF-8"?>
<testsuite name="Nopcommerce Test"
           tests="2"
           failures="0"
           errors="0"
           skipped="0"
           time="31.407">
  <properties />
  
  
            <testcase name="verifyUserShouldNavigateToCellPhonesPageSuccessfully" time="2.563" classname="com.nopcommerce.testsuite.ElectronicsTest" />
                <testcase name="verifyThatTheProductAddedSuccessfullyAndPlaceOrderSuccessfully" time="28.844" classname="com.nopcommerce.testsuite.ElectronicsTest" />
      
</testsuite>
